<?xml version="1.0" encoding="UTF-8"?>
<!-- Generated by org.testng.reporters.JUnitXMLReporter -->
<testsuite ignored="0" hostname="Xenon" failures="0" tests="3" name="Surefire test" time="0.16" errors="0" timestamp="2024-03-07T18:06:19 IST">
  <testcase classname="tester03.TesterClass" name="thirdMethod" time="0.016"/>
  <testcase classname="tester04.TesterClass2" name="testcase" time="0.001"/>
  <testcase classname="tester04.Testrclass3" name="testcase34" time="0.002"/>
</testsuite> <!-- Surefire test -->
