<?xml version="1.0" encoding="UTF-8"?>
<!-- Generated by org.testng.reporters.JUnitXMLReporter -->
<testsuite ignored="10" hostname="Xenon" failures="0" tests="2" name="Test" time="0.18" errors="0" timestamp="2024-03-08T10:13:28 IST">
  <testcase classname="TestNG.Practice_TestSuite_1" name="testscript_01" time="0.029"/>
  <testcase classname="TestNG.Practice_TestSuite_2" name="testscript_04" time="0.001"/>
  <testcase classname="TestNG.PracticeTestNG_test" name="deleteTest" time="0.0">
    <ignored/>
  </testcase> <!-- deleteTest -->
  <testcase classname="TestNG.PracticeTestNG_test" name="createTest" time="0.0">
    <ignored/>
  </testcase> <!-- createTest -->
  <testcase classname="TestNG.Practice_TestSuite_3" name="testscript_06" time="0.0">
    <ignored/>
  </testcase> <!-- testscript_06 -->
  <testcase classname="TestNG.Practice_TestSuite_2" name="testscript_03" time="0.0">
    <ignored/>
  </testcase> <!-- testscript_03 -->
  <testcase classname="TestNG.Practice_TestSuite_1" name="testscript_02" time="0.0">
    <ignored/>
  </testcase> <!-- testscript_02 -->
  <testcase classname="TestNG.Practice_Data_provider2_test" name="getData" time="0.0">
    <ignored/>
  </testcase> <!-- getData -->
  <testcase classname="TestNG.Practice_Data_Provider_test" name="getData" time="0.0">
    <ignored/>
  </testcase> <!-- getData -->
  <testcase classname="TestNG.PracticeTestNG_test" name="editTest" time="0.0">
    <ignored/>
  </testcase> <!-- editTest -->
  <testcase classname="TestNG.Practice_Data_Provider_test" name="getData3" time="0.0">
    <ignored/>
  </testcase> <!-- getData3 -->
  <testcase classname="TestNG.Practice_Data_Provider_test" name="getData2" time="0.0">
    <ignored/>
  </testcase> <!-- getData2 -->
</testsuite> <!-- Test -->
