<?xml version="1.0" encoding="UTF-8"?>
<testng-results ignored="0" total="2" passed="2" failed="0" skipped="0">
  <reporter-output>
  </reporter-output>
  <suite started-at="2024-03-07T16:48:34 IST" name="Surefire suite" finished-at="2024-03-07T16:48:34 IST" duration-ms="91">
    <groups>
    </groups>
    <test started-at="2024-03-07T16:48:34 IST" name="Surefire test" finished-at="2024-03-07T16:48:34 IST" duration-ms="91">
      <class name="tester03.TesterClass">
        <test-method signature="thirdMethod()[pri:0, instance:tester03.TesterClass@6b26e945]" started-at="2024-03-07T16:48:34 IST" name="thirdMethod" finished-at="2024-03-07T16:48:34 IST" duration-ms="10" status="PASS">
          <reporter-output>
          </reporter-output>
        </test-method> <!-- thirdMethod -->
      </class> <!-- tester03.TesterClass -->
      <class name="tester04.TesterClass2">
        <test-method signature="testcase()[pri:0, instance:tester04.TesterClass2@2bbf180e]" started-at="2024-03-07T16:48:34 IST" name="testcase" finished-at="2024-03-07T16:48:34 IST" duration-ms="1" status="PASS">
          <reporter-output>
          </reporter-output>
        </test-method> <!-- testcase -->
      </class> <!-- tester04.TesterClass2 -->
    </test> <!-- Surefire test -->
  </suite> <!-- Surefire suite -->
</testng-results>
