<?xml version="1.0" encoding="UTF-8"?>
<testsuite xmlns:xsi="http://www.w3.org/2001/XMLSchema-instance" xsi:noNamespaceSchemaLocation="https://maven.apache.org/surefire/maven-surefire-plugin/xsd/surefire-test-report-3.0.xsd" version="3.0" name="TestSuite" time="1.122" tests="5" errors="0" skipped="0" failures="0">
  <properties>
[...]
</properties>
  <testcase name="thirdMethod" classname="tester03.TesterClass" time="0.007">
    <system-out><![CDATA[@BeforeSuite
@BeforeTest
---third print statatement
]]></system-out>
    <system-err><![CDATA[SLF4J: Failed to load class "org.slf4j.impl.StaticLoggerBinder".
SLF4J: Defaulting to no-operation (NOP) logger implementation
SLF4J: See http://www.slf4j.org/codes.html#StaticLoggerBinder for further details.
]]></system-err>
  </testcase>
  <testcase name="testcase" classname="tester04.TesterClass2" time="0.001"/>
  <testcase name="testcase34" classname="tester04.Testrclass3" time="0.002"/>
  <testcase name="config_T" classname="TestNG.Annotations_Test" time="0.0">
    <system-out><![CDATA[@BeforeClass
@BeforeClass2
@BeforeMethod
@Test
]]></system-out>
  </testcase>
  <testcase name="config_T2" classname="TestNG.Annotations_Test" time="0.001">
    <system-out><![CDATA[@AfterMethod
@AfterMethod2
@BeforeMethod
@Test2
]]></system-out>
  </testcase>
</testsuite>