<?xml version="1.0" encoding="UTF-8"?>
<testng-results ignored="0" total="1" passed="1" failed="0" skipped="0">
  <reporter-output>
  </reporter-output>
  <suite started-at="2024-03-07T15:44:17 IST" name="Surefire suite" finished-at="2024-03-07T15:44:17 IST" duration-ms="53">
    <groups>
    </groups>
    <test started-at="2024-03-07T15:44:17 IST" name="Surefire test" finished-at="2024-03-07T15:44:17 IST" duration-ms="53">
      <class name="tester03.TesterClass">
        <test-method signature="thirdMethod()[pri:0, instance:tester03.TesterClass@25d250c6]" started-at="2024-03-07T15:44:17 IST" name="thirdMethod" finished-at="2024-03-07T15:44:17 IST" duration-ms="5" status="PASS">
          <reporter-output>
          </reporter-output>
        </test-method> <!-- thirdMethod -->
      </class> <!-- tester03.TesterClass -->
    </test> <!-- Surefire test -->
  </suite> <!-- Surefire suite -->
</testng-results>
